<?xml version="1.0" encoding="UTF-8"?>
<!-- Generated by org.testng.reporters.JUnitXMLReporter -->
<testsuite hostname="DESKTOP-6MBVANO" ignored="1" name="TestLoginl_Logout_Vi_En" tests="4" failures="0" timestamp="2020-06-24T10:09:45 ICT" time="6.34" errors="0">
  <testcase name="@BeforeTest launchBrowser" time="6.25" classname="poly.Test.TestLoginl_Logout_Vi_En">
    <failure type="java.lang.NullPointerException">
      <![CDATA[java.lang.NullPointerException
at poly.Test.TestLoginl_Logout_Vi_En.launchBrowser(TestLoginl_Logout_Vi_En.java:59)
... Removed 24 stack frames]]>
    </failure>
  </testcase> <!-- @BeforeTest launchBrowser -->
  <testcase name="@AfterClass suiteTearDown" time="-1.592968185703E9" classname="poly.Test.TestLoginl_Logout_Vi_En">
    <skipped/>
  </testcase> <!-- @AfterClass suiteTearDown -->
  <testcase name="@AfterTest terminateBrowser" time="-1.592968185705E9" classname="poly.Test.TestLoginl_Logout_Vi_En">
    <skipped/>
  </testcase> <!-- @AfterTest terminateBrowser -->
  <testcase name="veryfyHomePageTitle" time="0.0" classname="poly.Test.TestLoginl_Logout_Vi_En">
    <skipped/>
  </testcase> <!-- veryfyHomePageTitle -->
  <testcase name="LoginTestAccount1" time="0.0" classname="poly.Test.TestLoginl_Logout_Vi_En">
    <skipped/>
  </testcase> <!-- LoginTestAccount1 -->
  <testcase name="LoginTestAccount2" time="0.0" classname="poly.Test.TestLoginl_Logout_Vi_En">
    <skipped/>
  </testcase> <!-- LoginTestAccount2 -->
  <testcase name="LoginTest" time="0.0" classname="poly.Test.TestLoginl_Logout_Vi_En">
    <skipped/>
  </testcase> <!-- LoginTest -->
  <testcase name="LogoutTest" time="0.0" classname="poly.Test.TestLoginl_Logout_Vi_En">
    <ignored/>
  </testcase> <!-- LogoutTest -->
</testsuite> <!-- TestLoginl_Logout_Vi_En -->
